app/build/outputs/logs/manifest-merger-debug-report.txt
-- Merging decision tree log ---
manifest
ADDED from src\main\AndroidManifest.xml:2:1-60:12
	package
		ADDED from src\main\AndroidManifest.xml:4:5-37
		INJECTED from src\main\AndroidManifest.xml
		INJECTED from src\main\AndroidManifest.xml
	android:sharedUserId
		ADDED from src\main\AndroidManifest.xml:3:5-46
	android:versionName
		ADDED from src\main\AndroidManifest.xml:6:5-30
		INJECTED from src\main\AndroidManifest.xml
		INJECTED from src\main\AndroidManifest.xml
	android:versionCode
		ADDED from src\main\AndroidManifest.xml:5:5-28
		INJECTED from src\main\AndroidManifest.xml
		INJECTED from src\main\AndroidManifest.xml
	xmlns:android
		ADDED from src\main\AndroidManifest.xml:2:11-69
uses-sdk
ADDED from src\main\AndroidManifest.xml:8:5-10:41
MERGED from [com.android.support:multidex:1.0.1] AndroidManifest.xml:18:5-42
	android:targetSdkVersion
		ADDED from src\main\AndroidManifest.xml:10:9-38
		INJECTED from src\main\AndroidManifest.xml
		INJECTED from src\main\AndroidManifest.xml
	android:minSdkVersion
		ADDED from src\main\AndroidManifest.xml:9:9-35
		INJECTED from src\main\AndroidManifest.xml
		INJECTED from src\main\AndroidManifest.xml
uses-permission#android.permission.ACCESS_NETWORK_STATE
ADDED from src\main\AndroidManifest.xml:13:5-79
	android:name
		ADDED from src\main\AndroidManifest.xml:13:22-76
uses-permission#android.permission.INTERNET
ADDED from src\main\AndroidManifest.xml:14:5-67
	android:name
		ADDED from src\main\AndroidManifest.xml:14:22-64
uses-permission#android.permission.REBOOT
ADDED from src\main\AndroidManifest.xml:17:5-81
	android:name
		ADDED from src\main\AndroidManifest.xml:17:22-62
uses-permission#android.permission.WRITE_EXTERNAL_STORAGE
ADDED from src\main\AndroidManifest.xml:18:5-97
	android:name
		ADDED from src\main\AndroidManifest.xml:18:22-78
uses-permission#android.permission.ACCESS_CACHE_FILESYSTEM
ADDED from src\main\AndroidManifest.xml:19:5-98
	android:name
		ADDED from src\main\AndroidManifest.xml:19:22-79
uses-permission#android.permission.WRITE_MEDIA_STORAGE
ADDED from src\main\AndroidManifest.xml:20:5-94
	android:name
		ADDED from src\main\AndroidManifest.xml:20:22-75
uses-permission#android.permission.RECEIVE_BOOT_COMPLETED
ADDED from src\main\AndroidManifest.xml:21:5-81
	android:name
		ADDED from src\main\AndroidManifest.xml:21:22-78
uses-permission#android.permission.BROADCAST_STICKY
ADDED from src\main\AndroidManifest.xml:22:5-75
	android:name
		ADDED from src\main\AndroidManifest.xml:22:22-72
uses-permission#android.permission.ACCESS_MTP
ADDED from src\main\AndroidManifest.xml:23:5-69
	android:name
		ADDED from src\main\AndroidManifest.xml:23:22-66
uses-permission#android.permission.ACCESS_WIFI_STATE
ADDED from src\main\AndroidManifest.xml:25:5-92
	android:name
		ADDED from src\main\AndroidManifest.xml:25:22-73
uses-permission#android.permission.WAKE_LOCK
ADDED from src\main\AndroidManifest.xml:27:5-84
	android:name
		ADDED from src\main\AndroidManifest.xml:27:22-65
application
ADDED from src\main\AndroidManifest.xml:31:5-58:19
	android:label
		ADDED from src\main\AndroidManifest.xml:34:9-41
	android:allowBackup
		ADDED from src\main\AndroidManifest.xml:32:9-35
	android:icon
		ADDED from src\main\AndroidManifest.xml:33:9-45
	android:theme
		ADDED from src\main\AndroidManifest.xml:35:9-40
activity#com.godinsec.otaupdate.CheckUpdate
ADDED from src\main\AndroidManifest.xml:36:9-45:20
	android:label
		ADDED from src\main\AndroidManifest.xml:38:13-45
	android:theme
		ADDED from src\main\AndroidManifest.xml:39:13-44
	android:name
		ADDED from src\main\AndroidManifest.xml:37:13-40
intent-filter#android.intent.action.MAIN+android.intent.category.LAUNCHER+android.settings.SYSTEM_UPDATE_SETTINGS
ADDED from src\main\AndroidManifest.xml:40:13-44:29
action#android.intent.action.MAIN
ADDED from src\main\AndroidManifest.xml:41:17-69
	android:name
		ADDED from src\main\AndroidManifest.xml:41:25-66
action#android.settings.SYSTEM_UPDATE_SETTINGS
ADDED from src\main\AndroidManifest.xml:42:17-82
	android:name
		ADDED from src\main\AndroidManifest.xml:42:25-79
category#android.intent.category.LAUNCHER
ADDED from src\main\AndroidManifest.xml:43:17-77
	android:name
		ADDED from src\main\AndroidManifest.xml:43:27-74
activity#com.godinsec.otaupdate.InstallUpdate
ADDED from src\main\AndroidManifest.xml:46:9-50:20
	android:label
		ADDED from src\main\AndroidManifest.xml:48:13-51
	android:theme
		ADDED from src\main\AndroidManifest.xml:49:13-56
	android:name
		ADDED from src\main\AndroidManifest.xml:47:13-42
receiver#com.godinsec.otaupdate.DownloadReceiver
ADDED from src\main\AndroidManifest.xml:52:9-56:20
	android:name
		ADDED from src\main\AndroidManifest.xml:52:19-51
intent-filter#android.intent.action.DOWNLOAD_COMPLETE
ADDED from src\main\AndroidManifest.xml:53:13-55:29
action#android.intent.action.DOWNLOAD_COMPLETE
ADDED from src\main\AndroidManifest.xml:54:17-82
	android:name
		ADDED from src\main\AndroidManifest.xml:54:25-79